break code is 240 28
speedA: 1 -- speedB: 0
bulletA: not fired -- bulletB: not fired
break code is 240 27
speedA: 5 -- speedB: 0
bulletA: not fired -- bulletB: not fired
break code is 240 18
speedA: 5 -- speedB: 0
bulletA: fired! -- bulletB: not fired
break code is 240 35
speedA: 10 -- speedB: 0
bulletA: not fired -- bulletB: not fired
break code is 240 34
speedA: 10 -- speedB: 0
bulletA: not fired -- bulletB: not fired
break code is 240 59
speedA: 10 -- speedB: 1
bulletA: not fired -- bulletB: not fired
break code is 240 66
speedA: 10 -- speedB: 5
bulletA: not fired -- bulletB: not fired
break code is 240 89
speedA: 10 -- speedB: 5
bulletA: not fired -- bulletB: fired!
break code is 240 75
speedA: 10 -- speedB: 10
bulletA: not fired -- bulletB: not fired
break code is 240 40
speedA: 10 -- speedB: 10
bulletA: not fired -- bulletB: not fired
