Analysis & Synthesis report for display_divider
Mon Nov  6 20:59:25 2023
Quartus Prime Version 22.1std.0 Build 915 10/25/2022 SC Lite Edition


---------------------
; Table of Contents ;
---------------------
  1. Legal Notice
  2. Analysis & Synthesis Summary
  3. Analysis & Synthesis Settings
  4. Parallel Compilation
  5. Analysis & Synthesis Source Files Read
  6. Analysis & Synthesis Resource Usage Summary
  7. Analysis & Synthesis Resource Utilization by Entity
  8. General Register Statistics
  9. Parameter Settings for User Entity Instance: divider:divider1|comparator:\subtractor:0:firstslice:comp_first
 10. Parameter Settings for User Entity Instance: divider:divider1|comparator:\subtractor:1:midslice:comp_mid
 11. Parameter Settings for User Entity Instance: divider:divider1|comparator:\subtractor:2:midslice:comp_mid
 12. Parameter Settings for User Entity Instance: divider:divider1|comparator:\subtractor:3:midslice:comp_mid
 13. Parameter Settings for User Entity Instance: divider:divider1|comparator:\subtractor:4:midslice:comp_mid
 14. Parameter Settings for User Entity Instance: divider:divider1|comparator:\subtractor:5:midslice:comp_mid
 15. Parameter Settings for User Entity Instance: divider:divider1|comparator:\subtractor:6:midslice:comp_mid
 16. Parameter Settings for User Entity Instance: divider:divider1|comparator:\subtractor:7:midslice:comp_mid
 17. Parameter Settings for User Entity Instance: divider:divider1|comparator:\subtractor:8:midslice:comp_mid
 18. Parameter Settings for User Entity Instance: divider:divider1|comparator:\subtractor:9:midslice:comp_mid
 19. Parameter Settings for User Entity Instance: divider:divider1|comparator:\subtractor:10:midslice:comp_mid
 20. Parameter Settings for User Entity Instance: divider:divider1|comparator:\subtractor:11:midslice:comp_mid
 21. Parameter Settings for User Entity Instance: divider:divider1|comparator:\subtractor:12:midslice:comp_mid
 22. Parameter Settings for User Entity Instance: divider:divider1|comparator:\subtractor:13:midslice:comp_mid
 23. Parameter Settings for User Entity Instance: divider:divider1|comparator:\subtractor:14:midslice:comp_mid
 24. Parameter Settings for User Entity Instance: divider:divider1|comparator:\subtractor:15:midslice:comp_mid
 25. Parameter Settings for User Entity Instance: divider:divider1|comparator:\subtractor:16:midslice:comp_mid
 26. Parameter Settings for User Entity Instance: divider:divider1|comparator:\subtractor:17:midslice:comp_mid
 27. Parameter Settings for User Entity Instance: divider:divider1|comparator:\subtractor:18:midslice:comp_mid
 28. Parameter Settings for User Entity Instance: divider:divider1|comparator:\subtractor:19:midslice:comp_mid
 29. Parameter Settings for User Entity Instance: divider:divider1|comparator:\subtractor:20:midslice:comp_mid
 30. Parameter Settings for User Entity Instance: divider:divider1|comparator:\subtractor:21:midslice:comp_mid
 31. Parameter Settings for User Entity Instance: divider:divider1|comparator:\subtractor:22:midslice:comp_mid
 32. Parameter Settings for User Entity Instance: divider:divider1|comparator:\subtractor:23:midslice:comp_mid
 33. Parameter Settings for User Entity Instance: divider:divider1|comparator:\subtractor:24:midslice:comp_mid
 34. Parameter Settings for User Entity Instance: divider:divider1|comparator:\subtractor:25:midslice:comp_mid
 35. Parameter Settings for User Entity Instance: divider:divider1|comparator:\subtractor:26:midslice:comp_mid
 36. Parameter Settings for User Entity Instance: divider:divider1|comparator:\subtractor:27:midslice:comp_mid
 37. Parameter Settings for User Entity Instance: divider:divider1|comparator:\subtractor:28:midslice:comp_mid
 38. Parameter Settings for User Entity Instance: divider:divider1|comparator:\subtractor:29:midslice:comp_mid
 39. Parameter Settings for User Entity Instance: divider:divider1|comparator:\subtractor:30:midslice:comp_mid
 40. Parameter Settings for User Entity Instance: divider:divider1|comparator:\subtractor:31:lastslice:comp_last
 41. Port Connectivity Checks: "leddcd:ovr"
 42. Port Connectivity Checks: "divider:divider1|comparator:\subtractor:0:firstslice:comp_first"
 43. Port Connectivity Checks: "divider:divider1"
 44. Post-Synthesis Netlist Statistics for Top Partition
 45. Elapsed Time Per Partition
 46. Analysis & Synthesis Messages



----------------
; Legal Notice ;
----------------
Copyright (C) 2022  Intel Corporation. All rights reserved.
Your use of Intel Corporation's design tools, logic functions 
and other software and tools, and any partner logic 
functions, and any output files from any of the foregoing 
(including device programming or simulation files), and any 
associated documentation or information are expressly subject 
to the terms and conditions of the Intel Program License 
Subscription Agreement, the Intel Quartus Prime License Agreement,
the Intel FPGA IP License Agreement, or other applicable license
agreement, including, without limitation, that your use is for
the sole purpose of programming logic devices manufactured by
Intel and sold by Intel or its authorized distributors.  Please
refer to the applicable agreement for further details, at
https://fpgasoftware.intel.com/eula.



+-------------------------------------------------------------------------------------+
; Analysis & Synthesis Summary                                                        ;
+------------------------------------+------------------------------------------------+
; Analysis & Synthesis Status        ; Successful - Mon Nov  6 20:59:25 2023          ;
; Quartus Prime Version              ; 22.1std.0 Build 915 10/25/2022 SC Lite Edition ;
; Revision Name                      ; display_divider                                ;
; Top-level Entity Name              ; display_divider                                ;
; Family                             ; Cyclone IV E                                   ;
; Total logic elements               ; 1,612                                          ;
;     Total combinational functions  ; 1,612                                          ;
;     Dedicated logic registers      ; 49                                             ;
; Total registers                    ; 49                                             ;
; Total pins                         ; 157                                            ;
; Total virtual pins                 ; 0                                              ;
; Total memory bits                  ; 0                                              ;
; Embedded Multiplier 9-bit elements ; 0                                              ;
; Total PLLs                         ; 0                                              ;
+------------------------------------+------------------------------------------------+


+------------------------------------------------------------------------------------------------------------+
; Analysis & Synthesis Settings                                                                              ;
+------------------------------------------------------------------+--------------------+--------------------+
; Option                                                           ; Setting            ; Default Value      ;
+------------------------------------------------------------------+--------------------+--------------------+
; Device                                                           ; EP4CE115F29C7      ;                    ;
; Top-level entity name                                            ; display_divider    ; display_divider    ;
; Family name                                                      ; Cyclone IV E       ; Cyclone V          ;
; Use smart compilation                                            ; Off                ; Off                ;
; Enable parallel Assembler and Timing Analyzer during compilation ; On                 ; On                 ;
; Enable compact report table                                      ; Off                ; Off                ;
; Restructure Multiplexers                                         ; Auto               ; Auto               ;
; Create Debugging Nodes for IP Cores                              ; Off                ; Off                ;
; Preserve fewer node names                                        ; On                 ; On                 ;
; Intel FPGA IP Evaluation Mode                                    ; Enable             ; Enable             ;
; Verilog Version                                                  ; Verilog_2001       ; Verilog_2001       ;
; VHDL Version                                                     ; VHDL_1993          ; VHDL_1993          ;
; State Machine Processing                                         ; Auto               ; Auto               ;
; Safe State Machine                                               ; Off                ; Off                ;
; Extract Verilog State Machines                                   ; On                 ; On                 ;
; Extract VHDL State Machines                                      ; On                 ; On                 ;
; Ignore Verilog initial constructs                                ; Off                ; Off                ;
; Iteration limit for constant Verilog loops                       ; 5000               ; 5000               ;
; Iteration limit for non-constant Verilog loops                   ; 250                ; 250                ;
; Add Pass-Through Logic to Inferred RAMs                          ; On                 ; On                 ;
; Infer RAMs from Raw Logic                                        ; On                 ; On                 ;
; Parallel Synthesis                                               ; On                 ; On                 ;
; DSP Block Balancing                                              ; Auto               ; Auto               ;
; NOT Gate Push-Back                                               ; On                 ; On                 ;
; Power-Up Don't Care                                              ; On                 ; On                 ;
; Remove Redundant Logic Cells                                     ; Off                ; Off                ;
; Remove Duplicate Registers                                       ; On                 ; On                 ;
; Ignore CARRY Buffers                                             ; Off                ; Off                ;
; Ignore CASCADE Buffers                                           ; Off                ; Off                ;
; Ignore GLOBAL Buffers                                            ; Off                ; Off                ;
; Ignore ROW GLOBAL Buffers                                        ; Off                ; Off                ;
; Ignore LCELL Buffers                                             ; Off                ; Off                ;
; Ignore SOFT Buffers                                              ; On                 ; On                 ;
; Limit AHDL Integers to 32 Bits                                   ; Off                ; Off                ;
; Optimization Technique                                           ; Balanced           ; Balanced           ;
; Carry Chain Length                                               ; 70                 ; 70                 ;
; Auto Carry Chains                                                ; On                 ; On                 ;
; Auto Open-Drain Pins                                             ; On                 ; On                 ;
; Perform WYSIWYG Primitive Resynthesis                            ; Off                ; Off                ;
; Auto ROM Replacement                                             ; On                 ; On                 ;
; Auto RAM Replacement                                             ; On                 ; On                 ;
; Auto DSP Block Replacement                                       ; On                 ; On                 ;
; Auto Shift Register Replacement                                  ; Auto               ; Auto               ;
; Allow Shift Register Merging across Hierarchies                  ; Auto               ; Auto               ;
; Auto Clock Enable Replacement                                    ; On                 ; On                 ;
; Strict RAM Replacement                                           ; Off                ; Off                ;
; Allow Synchronous Control Signals                                ; On                 ; On                 ;
; Force Use of Synchronous Clear Signals                           ; Off                ; Off                ;
; Auto RAM Block Balancing                                         ; On                 ; On                 ;
; Auto RAM to Logic Cell Conversion                                ; Off                ; Off                ;
; Auto Resource Sharing                                            ; Off                ; Off                ;
; Allow Any RAM Size For Recognition                               ; Off                ; Off                ;
; Allow Any ROM Size For Recognition                               ; Off                ; Off                ;
; Allow Any Shift Register Size For Recognition                    ; Off                ; Off                ;
; Use LogicLock Constraints during Resource Balancing              ; On                 ; On                 ;
; Ignore translate_off and synthesis_off directives                ; Off                ; Off                ;
; Timing-Driven Synthesis                                          ; On                 ; On                 ;
; Report Parameter Settings                                        ; On                 ; On                 ;
; Report Source Assignments                                        ; On                 ; On                 ;
; Report Connectivity Checks                                       ; On                 ; On                 ;
; Ignore Maximum Fan-Out Assignments                               ; Off                ; Off                ;
; Synchronization Register Chain Length                            ; 2                  ; 2                  ;
; Power Optimization During Synthesis                              ; Normal compilation ; Normal compilation ;
; HDL message level                                                ; Level2             ; Level2             ;
; Suppress Register Optimization Related Messages                  ; Off                ; Off                ;
; Number of Removed Registers Reported in Synthesis Report         ; 5000               ; 5000               ;
; Number of Swept Nodes Reported in Synthesis Report               ; 5000               ; 5000               ;
; Number of Inverted Registers Reported in Synthesis Report        ; 100                ; 100                ;
; Clock MUX Protection                                             ; On                 ; On                 ;
; Auto Gated Clock Conversion                                      ; Off                ; Off                ;
; Block Design Naming                                              ; Auto               ; Auto               ;
; SDC constraint protection                                        ; Off                ; Off                ;
; Synthesis Effort                                                 ; Auto               ; Auto               ;
; Shift Register Replacement - Allow Asynchronous Clear Signal     ; On                 ; On                 ;
; Pre-Mapping Resynthesis Optimization                             ; Off                ; Off                ;
; Analysis & Synthesis Message Level                               ; Medium             ; Medium             ;
; Disable Register Merging Across Hierarchies                      ; Auto               ; Auto               ;
; Resource Aware Inference For Block RAM                           ; On                 ; On                 ;
+------------------------------------------------------------------+--------------------+--------------------+


+------------------------------------------+
; Parallel Compilation                     ;
+----------------------------+-------------+
; Processors                 ; Number      ;
+----------------------------+-------------+
; Number detected on machine ; 12          ;
; Maximum allowed            ; 10          ;
;                            ;             ;
; Average used               ; 1.00        ;
; Maximum used               ; 8           ;
;                            ;             ;
; Usage by Processor         ; % Time Used ;
;     Processor 1            ; 100.0%      ;
;     Processor 2            ;   0.0%      ;
;     Processor 3            ;   0.0%      ;
;     Processor 4            ;   0.0%      ;
;     Processor 5            ;   0.0%      ;
;     Processor 6            ;   0.0%      ;
;     Processor 7            ;   0.0%      ;
;     Processor 8            ;   0.0%      ;
+----------------------------+-------------+


+-------------------------------------------------------------------------------------------------------------------------------------+
; Analysis & Synthesis Source Files Read                                                                                              ;
+----------------------------------+-----------------+-----------------+----------------------------------------------------+---------+
; File Name with User-Entered Path ; Used in Netlist ; File Type       ; File Name with Absolute Path                       ; Library ;
+----------------------------------+-----------------+-----------------+----------------------------------------------------+---------+
; ../lab2/divider_const.vhd        ; yes             ; User VHDL File  ; C:/Users/laptop/Documents/lab2/divider_const.vhd   ;         ;
; divider.vhd                      ; yes             ; User VHDL File  ; C:/Users/laptop/Documents/lab4/divider.vhd         ;         ;
; comparator.vhd                   ; yes             ; User VHDL File  ; C:/Users/laptop/Documents/lab4/comparator.vhd      ;         ;
; display_divider.vhd              ; yes             ; User VHDL File  ; C:/Users/laptop/Documents/lab4/display_divider.vhd ;         ;
; ../leddcd.vhd                    ; yes             ; User VHDL File  ; C:/Users/laptop/Documents/leddcd.vhd               ;         ;
; ../decoder.vhd                   ; yes             ; User VHDL File  ; C:/Users/laptop/Documents/decoder.vhd              ;         ;
+----------------------------------+-----------------+-----------------+----------------------------------------------------+---------+


+-----------------------------------------------------------------+
; Analysis & Synthesis Resource Usage Summary                     ;
+---------------------------------------------+-------------------+
; Resource                                    ; Usage             ;
+---------------------------------------------+-------------------+
; Estimated Total logic elements              ; 1,612             ;
;                                             ;                   ;
; Total combinational functions               ; 1612              ;
; Logic element usage by number of LUT inputs ;                   ;
;     -- 4 input functions                    ; 374               ;
;     -- 3 input functions                    ; 1146              ;
;     -- <=2 input functions                  ; 92                ;
;                                             ;                   ;
; Logic elements by mode                      ;                   ;
;     -- normal mode                          ; 667               ;
;     -- arithmetic mode                      ; 945               ;
;                                             ;                   ;
; Total registers                             ; 49                ;
;     -- Dedicated logic registers            ; 49                ;
;     -- I/O registers                        ; 0                 ;
;                                             ;                   ;
; I/O pins                                    ; 157               ;
;                                             ;                   ;
; Embedded Multiplier 9-bit elements          ; 0                 ;
;                                             ;                   ;
; Maximum fan-out node                        ; divisor1[0]~input ;
; Maximum fan-out                             ; 81                ;
; Total fan-out                               ; 5493              ;
; Average fan-out                             ; 2.78              ;
+---------------------------------------------+-------------------+


+-------------------------------------------------------------------------------------------------------------------------------------------------------------------------------------------------------------------------------------------------------------------------------------------------------+
; Analysis & Synthesis Resource Utilization by Entity                                                                                                                                                                                                                                                   ;
+--------------------------------------------------------+---------------------+---------------------------+-------------+--------------+---------+-----------+------+--------------+----------------------------------------------------------------------------------+-----------------+--------------+
; Compilation Hierarchy Node                             ; Combinational ALUTs ; Dedicated Logic Registers ; Memory Bits ; DSP Elements ; DSP 9x9 ; DSP 18x18 ; Pins ; Virtual Pins ; Full Hierarchy Name                                                              ; Entity Name     ; Library Name ;
+--------------------------------------------------------+---------------------+---------------------------+-------------+--------------+---------+-----------+------+--------------+----------------------------------------------------------------------------------+-----------------+--------------+
; |display_divider                                       ; 1612 (0)            ; 49 (0)                    ; 0           ; 0            ; 0       ; 0         ; 157  ; 0            ; |display_divider                                                                 ; display_divider ; work         ;
;    |divider:divider1|                                  ; 1528 (23)           ; 49 (49)                   ; 0           ; 0            ; 0       ; 0         ; 0    ; 0            ; |display_divider|divider:divider1                                                ; divider         ; work         ;
;       |comparator:\subtractor:0:firstslice:comp_first| ; 32 (32)             ; 0 (0)                     ; 0           ; 0            ; 0       ; 0         ; 0    ; 0            ; |display_divider|divider:divider1|comparator:\subtractor:0:firstslice:comp_first ; comparator      ; work         ;
;       |comparator:\subtractor:10:midslice:comp_mid|    ; 48 (48)             ; 0 (0)                     ; 0           ; 0            ; 0       ; 0         ; 0    ; 0            ; |display_divider|divider:divider1|comparator:\subtractor:10:midslice:comp_mid    ; comparator      ; work         ;
;       |comparator:\subtractor:11:midslice:comp_mid|    ; 49 (49)             ; 0 (0)                     ; 0           ; 0            ; 0       ; 0         ; 0    ; 0            ; |display_divider|divider:divider1|comparator:\subtractor:11:midslice:comp_mid    ; comparator      ; work         ;
;       |comparator:\subtractor:12:midslice:comp_mid|    ; 49 (49)             ; 0 (0)                     ; 0           ; 0            ; 0       ; 0         ; 0    ; 0            ; |display_divider|divider:divider1|comparator:\subtractor:12:midslice:comp_mid    ; comparator      ; work         ;
;       |comparator:\subtractor:13:midslice:comp_mid|    ; 49 (49)             ; 0 (0)                     ; 0           ; 0            ; 0       ; 0         ; 0    ; 0            ; |display_divider|divider:divider1|comparator:\subtractor:13:midslice:comp_mid    ; comparator      ; work         ;
;       |comparator:\subtractor:14:midslice:comp_mid|    ; 49 (49)             ; 0 (0)                     ; 0           ; 0            ; 0       ; 0         ; 0    ; 0            ; |display_divider|divider:divider1|comparator:\subtractor:14:midslice:comp_mid    ; comparator      ; work         ;
;       |comparator:\subtractor:15:midslice:comp_mid|    ; 48 (48)             ; 0 (0)                     ; 0           ; 0            ; 0       ; 0         ; 0    ; 0            ; |display_divider|divider:divider1|comparator:\subtractor:15:midslice:comp_mid    ; comparator      ; work         ;
;       |comparator:\subtractor:16:midslice:comp_mid|    ; 48 (48)             ; 0 (0)                     ; 0           ; 0            ; 0       ; 0         ; 0    ; 0            ; |display_divider|divider:divider1|comparator:\subtractor:16:midslice:comp_mid    ; comparator      ; work         ;
;       |comparator:\subtractor:17:midslice:comp_mid|    ; 48 (48)             ; 0 (0)                     ; 0           ; 0            ; 0       ; 0         ; 0    ; 0            ; |display_divider|divider:divider1|comparator:\subtractor:17:midslice:comp_mid    ; comparator      ; work         ;
;       |comparator:\subtractor:18:midslice:comp_mid|    ; 49 (49)             ; 0 (0)                     ; 0           ; 0            ; 0       ; 0         ; 0    ; 0            ; |display_divider|divider:divider1|comparator:\subtractor:18:midslice:comp_mid    ; comparator      ; work         ;
;       |comparator:\subtractor:19:midslice:comp_mid|    ; 48 (48)             ; 0 (0)                     ; 0           ; 0            ; 0       ; 0         ; 0    ; 0            ; |display_divider|divider:divider1|comparator:\subtractor:19:midslice:comp_mid    ; comparator      ; work         ;
;       |comparator:\subtractor:1:midslice:comp_mid|     ; 49 (49)             ; 0 (0)                     ; 0           ; 0            ; 0       ; 0         ; 0    ; 0            ; |display_divider|divider:divider1|comparator:\subtractor:1:midslice:comp_mid     ; comparator      ; work         ;
;       |comparator:\subtractor:20:midslice:comp_mid|    ; 48 (48)             ; 0 (0)                     ; 0           ; 0            ; 0       ; 0         ; 0    ; 0            ; |display_divider|divider:divider1|comparator:\subtractor:20:midslice:comp_mid    ; comparator      ; work         ;
;       |comparator:\subtractor:21:midslice:comp_mid|    ; 48 (48)             ; 0 (0)                     ; 0           ; 0            ; 0       ; 0         ; 0    ; 0            ; |display_divider|divider:divider1|comparator:\subtractor:21:midslice:comp_mid    ; comparator      ; work         ;
;       |comparator:\subtractor:22:midslice:comp_mid|    ; 48 (48)             ; 0 (0)                     ; 0           ; 0            ; 0       ; 0         ; 0    ; 0            ; |display_divider|divider:divider1|comparator:\subtractor:22:midslice:comp_mid    ; comparator      ; work         ;
;       |comparator:\subtractor:23:midslice:comp_mid|    ; 49 (49)             ; 0 (0)                     ; 0           ; 0            ; 0       ; 0         ; 0    ; 0            ; |display_divider|divider:divider1|comparator:\subtractor:23:midslice:comp_mid    ; comparator      ; work         ;
;       |comparator:\subtractor:24:midslice:comp_mid|    ; 49 (49)             ; 0 (0)                     ; 0           ; 0            ; 0       ; 0         ; 0    ; 0            ; |display_divider|divider:divider1|comparator:\subtractor:24:midslice:comp_mid    ; comparator      ; work         ;
;       |comparator:\subtractor:25:midslice:comp_mid|    ; 49 (49)             ; 0 (0)                     ; 0           ; 0            ; 0       ; 0         ; 0    ; 0            ; |display_divider|divider:divider1|comparator:\subtractor:25:midslice:comp_mid    ; comparator      ; work         ;
;       |comparator:\subtractor:26:midslice:comp_mid|    ; 49 (49)             ; 0 (0)                     ; 0           ; 0            ; 0       ; 0         ; 0    ; 0            ; |display_divider|divider:divider1|comparator:\subtractor:26:midslice:comp_mid    ; comparator      ; work         ;
;       |comparator:\subtractor:27:midslice:comp_mid|    ; 49 (49)             ; 0 (0)                     ; 0           ; 0            ; 0       ; 0         ; 0    ; 0            ; |display_divider|divider:divider1|comparator:\subtractor:27:midslice:comp_mid    ; comparator      ; work         ;
;       |comparator:\subtractor:28:midslice:comp_mid|    ; 49 (49)             ; 0 (0)                     ; 0           ; 0            ; 0       ; 0         ; 0    ; 0            ; |display_divider|divider:divider1|comparator:\subtractor:28:midslice:comp_mid    ; comparator      ; work         ;
;       |comparator:\subtractor:29:midslice:comp_mid|    ; 48 (48)             ; 0 (0)                     ; 0           ; 0            ; 0       ; 0         ; 0    ; 0            ; |display_divider|divider:divider1|comparator:\subtractor:29:midslice:comp_mid    ; comparator      ; work         ;
;       |comparator:\subtractor:2:midslice:comp_mid|     ; 49 (49)             ; 0 (0)                     ; 0           ; 0            ; 0       ; 0         ; 0    ; 0            ; |display_divider|divider:divider1|comparator:\subtractor:2:midslice:comp_mid     ; comparator      ; work         ;
;       |comparator:\subtractor:30:midslice:comp_mid|    ; 48 (48)             ; 0 (0)                     ; 0           ; 0            ; 0       ; 0         ; 0    ; 0            ; |display_divider|divider:divider1|comparator:\subtractor:30:midslice:comp_mid    ; comparator      ; work         ;
;       |comparator:\subtractor:31:lastslice:comp_last|  ; 17 (17)             ; 0 (0)                     ; 0           ; 0            ; 0       ; 0         ; 0    ; 0            ; |display_divider|divider:divider1|comparator:\subtractor:31:lastslice:comp_last  ; comparator      ; work         ;
;       |comparator:\subtractor:3:midslice:comp_mid|     ; 49 (49)             ; 0 (0)                     ; 0           ; 0            ; 0       ; 0         ; 0    ; 0            ; |display_divider|divider:divider1|comparator:\subtractor:3:midslice:comp_mid     ; comparator      ; work         ;
;       |comparator:\subtractor:4:midslice:comp_mid|     ; 49 (49)             ; 0 (0)                     ; 0           ; 0            ; 0       ; 0         ; 0    ; 0            ; |display_divider|divider:divider1|comparator:\subtractor:4:midslice:comp_mid     ; comparator      ; work         ;
;       |comparator:\subtractor:5:midslice:comp_mid|     ; 49 (49)             ; 0 (0)                     ; 0           ; 0            ; 0       ; 0         ; 0    ; 0            ; |display_divider|divider:divider1|comparator:\subtractor:5:midslice:comp_mid     ; comparator      ; work         ;
;       |comparator:\subtractor:6:midslice:comp_mid|     ; 48 (48)             ; 0 (0)                     ; 0           ; 0            ; 0       ; 0         ; 0    ; 0            ; |display_divider|divider:divider1|comparator:\subtractor:6:midslice:comp_mid     ; comparator      ; work         ;
;       |comparator:\subtractor:7:midslice:comp_mid|     ; 48 (48)             ; 0 (0)                     ; 0           ; 0            ; 0       ; 0         ; 0    ; 0            ; |display_divider|divider:divider1|comparator:\subtractor:7:midslice:comp_mid     ; comparator      ; work         ;
;       |comparator:\subtractor:8:midslice:comp_mid|     ; 48 (48)             ; 0 (0)                     ; 0           ; 0            ; 0       ; 0         ; 0    ; 0            ; |display_divider|divider:divider1|comparator:\subtractor:8:midslice:comp_mid     ; comparator      ; work         ;
;       |comparator:\subtractor:9:midslice:comp_mid|     ; 48 (48)             ; 0 (0)                     ; 0           ; 0            ; 0       ; 0         ; 0    ; 0            ; |display_divider|divider:divider1|comparator:\subtractor:9:midslice:comp_mid     ; comparator      ; work         ;
;    |leddcd:\quot:0:quot_dcd|                           ; 7 (7)               ; 0 (0)                     ; 0           ; 0            ; 0       ; 0         ; 0    ; 0            ; |display_divider|leddcd:\quot:0:quot_dcd                                         ; leddcd          ; work         ;
;    |leddcd:\quot:1:quot_dcd|                           ; 7 (7)               ; 0 (0)                     ; 0           ; 0            ; 0       ; 0         ; 0    ; 0            ; |display_divider|leddcd:\quot:1:quot_dcd                                         ; leddcd          ; work         ;
;    |leddcd:\quot:2:quot_dcd|                           ; 7 (7)               ; 0 (0)                     ; 0           ; 0            ; 0       ; 0         ; 0    ; 0            ; |display_divider|leddcd:\quot:2:quot_dcd                                         ; leddcd          ; work         ;
;    |leddcd:\quot:3:quot_dcd|                           ; 7 (7)               ; 0 (0)                     ; 0           ; 0            ; 0       ; 0         ; 0    ; 0            ; |display_divider|leddcd:\quot:3:quot_dcd                                         ; leddcd          ; work         ;
;    |leddcd:\quot:4:quot_dcd|                           ; 7 (7)               ; 0 (0)                     ; 0           ; 0            ; 0       ; 0         ; 0    ; 0            ; |display_divider|leddcd:\quot:4:quot_dcd                                         ; leddcd          ; work         ;
;    |leddcd:\quot:5:quot_dcd|                           ; 7 (7)               ; 0 (0)                     ; 0           ; 0            ; 0       ; 0         ; 0    ; 0            ; |display_divider|leddcd:\quot:5:quot_dcd                                         ; leddcd          ; work         ;
;    |leddcd:\quot:6:quot_dcd|                           ; 7 (7)               ; 0 (0)                     ; 0           ; 0            ; 0       ; 0         ; 0    ; 0            ; |display_divider|leddcd:\quot:6:quot_dcd                                         ; leddcd          ; work         ;
;    |leddcd:\quot:7:quot_dcd|                           ; 7 (7)               ; 0 (0)                     ; 0           ; 0            ; 0       ; 0         ; 0    ; 0            ; |display_divider|leddcd:\quot:7:quot_dcd                                         ; leddcd          ; work         ;
;    |leddcd:\remain:0:rem_dcd|                          ; 7 (7)               ; 0 (0)                     ; 0           ; 0            ; 0       ; 0         ; 0    ; 0            ; |display_divider|leddcd:\remain:0:rem_dcd                                        ; leddcd          ; work         ;
;    |leddcd:\remain:1:rem_dcd|                          ; 7 (7)               ; 0 (0)                     ; 0           ; 0            ; 0       ; 0         ; 0    ; 0            ; |display_divider|leddcd:\remain:1:rem_dcd                                        ; leddcd          ; work         ;
;    |leddcd:\remain:2:rem_dcd|                          ; 7 (7)               ; 0 (0)                     ; 0           ; 0            ; 0       ; 0         ; 0    ; 0            ; |display_divider|leddcd:\remain:2:rem_dcd                                        ; leddcd          ; work         ;
;    |leddcd:\remain:3:rem_dcd|                          ; 7 (7)               ; 0 (0)                     ; 0           ; 0            ; 0       ; 0         ; 0    ; 0            ; |display_divider|leddcd:\remain:3:rem_dcd                                        ; leddcd          ; work         ;
+--------------------------------------------------------+---------------------+---------------------------+-------------+--------------+---------+-----------+------+--------------+----------------------------------------------------------------------------------+-----------------+--------------+
Note: For table entries with two numbers listed, the numbers in parentheses indicate the number of resources of the given type used by the specific entity alone. The numbers listed outside of parentheses indicate the total resources of the given type used by the specific entity and all of its sub-entities in the hierarchy.


+------------------------------------------------------+
; General Register Statistics                          ;
+----------------------------------------------+-------+
; Statistic                                    ; Value ;
+----------------------------------------------+-------+
; Total registers                              ; 49    ;
; Number of registers using Synchronous Clear  ; 0     ;
; Number of registers using Synchronous Load   ; 16    ;
; Number of registers using Asynchronous Clear ; 0     ;
; Number of registers using Asynchronous Load  ; 0     ;
; Number of registers using Clock Enable       ; 0     ;
; Number of registers using Preset             ; 0     ;
+----------------------------------------------+-------+


+--------------------------------------------------------------------------------------------------------------+
; Parameter Settings for User Entity Instance: divider:divider1|comparator:\subtractor:0:firstslice:comp_first ;
+----------------+-------+-------------------------------------------------------------------------------------+
; Parameter Name ; Value ; Type                                                                                ;
+----------------+-------+-------------------------------------------------------------------------------------+
; data_width     ; 16    ; Signed Integer                                                                      ;
+----------------+-------+-------------------------------------------------------------------------------------+
Note: In order to hide this table in the UI and the text report file, please set the "Show Parameter Settings in Synthesis Report" option in "Analysis and Synthesis Settings -> More Settings" to "Off".


+----------------------------------------------------------------------------------------------------------+
; Parameter Settings for User Entity Instance: divider:divider1|comparator:\subtractor:1:midslice:comp_mid ;
+----------------+-------+---------------------------------------------------------------------------------+
; Parameter Name ; Value ; Type                                                                            ;
+----------------+-------+---------------------------------------------------------------------------------+
; data_width     ; 16    ; Signed Integer                                                                  ;
+----------------+-------+---------------------------------------------------------------------------------+
Note: In order to hide this table in the UI and the text report file, please set the "Show Parameter Settings in Synthesis Report" option in "Analysis and Synthesis Settings -> More Settings" to "Off".


+----------------------------------------------------------------------------------------------------------+
; Parameter Settings for User Entity Instance: divider:divider1|comparator:\subtractor:2:midslice:comp_mid ;
+----------------+-------+---------------------------------------------------------------------------------+
; Parameter Name ; Value ; Type                                                                            ;
+----------------+-------+---------------------------------------------------------------------------------+
; data_width     ; 16    ; Signed Integer                                                                  ;
+----------------+-------+---------------------------------------------------------------------------------+
Note: In order to hide this table in the UI and the text report file, please set the "Show Parameter Settings in Synthesis Report" option in "Analysis and Synthesis Settings -> More Settings" to "Off".


+----------------------------------------------------------------------------------------------------------+
; Parameter Settings for User Entity Instance: divider:divider1|comparator:\subtractor:3:midslice:comp_mid ;
+----------------+-------+---------------------------------------------------------------------------------+
; Parameter Name ; Value ; Type                                                                            ;
+----------------+-------+---------------------------------------------------------------------------------+
; data_width     ; 16    ; Signed Integer                                                                  ;
+----------------+-------+---------------------------------------------------------------------------------+
Note: In order to hide this table in the UI and the text report file, please set the "Show Parameter Settings in Synthesis Report" option in "Analysis and Synthesis Settings -> More Settings" to "Off".


+----------------------------------------------------------------------------------------------------------+
; Parameter Settings for User Entity Instance: divider:divider1|comparator:\subtractor:4:midslice:comp_mid ;
+----------------+-------+---------------------------------------------------------------------------------+
; Parameter Name ; Value ; Type                                                                            ;
+----------------+-------+---------------------------------------------------------------------------------+
; data_width     ; 16    ; Signed Integer                                                                  ;
+----------------+-------+---------------------------------------------------------------------------------+
Note: In order to hide this table in the UI and the text report file, please set the "Show Parameter Settings in Synthesis Report" option in "Analysis and Synthesis Settings -> More Settings" to "Off".


+----------------------------------------------------------------------------------------------------------+
; Parameter Settings for User Entity Instance: divider:divider1|comparator:\subtractor:5:midslice:comp_mid ;
+----------------+-------+---------------------------------------------------------------------------------+
; Parameter Name ; Value ; Type                                                                            ;
+----------------+-------+---------------------------------------------------------------------------------+
; data_width     ; 16    ; Signed Integer                                                                  ;
+----------------+-------+---------------------------------------------------------------------------------+
Note: In order to hide this table in the UI and the text report file, please set the "Show Parameter Settings in Synthesis Report" option in "Analysis and Synthesis Settings -> More Settings" to "Off".


+----------------------------------------------------------------------------------------------------------+
; Parameter Settings for User Entity Instance: divider:divider1|comparator:\subtractor:6:midslice:comp_mid ;
+----------------+-------+---------------------------------------------------------------------------------+
; Parameter Name ; Value ; Type                                                                            ;
+----------------+-------+---------------------------------------------------------------------------------+
; data_width     ; 16    ; Signed Integer                                                                  ;
+----------------+-------+---------------------------------------------------------------------------------+
Note: In order to hide this table in the UI and the text report file, please set the "Show Parameter Settings in Synthesis Report" option in "Analysis and Synthesis Settings -> More Settings" to "Off".


+----------------------------------------------------------------------------------------------------------+
; Parameter Settings for User Entity Instance: divider:divider1|comparator:\subtractor:7:midslice:comp_mid ;
+----------------+-------+---------------------------------------------------------------------------------+
; Parameter Name ; Value ; Type                                                                            ;
+----------------+-------+---------------------------------------------------------------------------------+
; data_width     ; 16    ; Signed Integer                                                                  ;
+----------------+-------+---------------------------------------------------------------------------------+
Note: In order to hide this table in the UI and the text report file, please set the "Show Parameter Settings in Synthesis Report" option in "Analysis and Synthesis Settings -> More Settings" to "Off".


+----------------------------------------------------------------------------------------------------------+
; Parameter Settings for User Entity Instance: divider:divider1|comparator:\subtractor:8:midslice:comp_mid ;
+----------------+-------+---------------------------------------------------------------------------------+
; Parameter Name ; Value ; Type                                                                            ;
+----------------+-------+---------------------------------------------------------------------------------+
; data_width     ; 16    ; Signed Integer                                                                  ;
+----------------+-------+---------------------------------------------------------------------------------+
Note: In order to hide this table in the UI and the text report file, please set the "Show Parameter Settings in Synthesis Report" option in "Analysis and Synthesis Settings -> More Settings" to "Off".


+----------------------------------------------------------------------------------------------------------+
; Parameter Settings for User Entity Instance: divider:divider1|comparator:\subtractor:9:midslice:comp_mid ;
+----------------+-------+---------------------------------------------------------------------------------+
; Parameter Name ; Value ; Type                                                                            ;
+----------------+-------+---------------------------------------------------------------------------------+
; data_width     ; 16    ; Signed Integer                                                                  ;
+----------------+-------+---------------------------------------------------------------------------------+
Note: In order to hide this table in the UI and the text report file, please set the "Show Parameter Settings in Synthesis Report" option in "Analysis and Synthesis Settings -> More Settings" to "Off".


+-----------------------------------------------------------------------------------------------------------+
; Parameter Settings for User Entity Instance: divider:divider1|comparator:\subtractor:10:midslice:comp_mid ;
+----------------+-------+----------------------------------------------------------------------------------+
; Parameter Name ; Value ; Type                                                                             ;
+----------------+-------+----------------------------------------------------------------------------------+
; data_width     ; 16    ; Signed Integer                                                                   ;
+----------------+-------+----------------------------------------------------------------------------------+
Note: In order to hide this table in the UI and the text report file, please set the "Show Parameter Settings in Synthesis Report" option in "Analysis and Synthesis Settings -> More Settings" to "Off".


+-----------------------------------------------------------------------------------------------------------+
; Parameter Settings for User Entity Instance: divider:divider1|comparator:\subtractor:11:midslice:comp_mid ;
+----------------+-------+----------------------------------------------------------------------------------+
; Parameter Name ; Value ; Type                                                                             ;
+----------------+-------+----------------------------------------------------------------------------------+
; data_width     ; 16    ; Signed Integer                                                                   ;
+----------------+-------+----------------------------------------------------------------------------------+
Note: In order to hide this table in the UI and the text report file, please set the "Show Parameter Settings in Synthesis Report" option in "Analysis and Synthesis Settings -> More Settings" to "Off".


+-----------------------------------------------------------------------------------------------------------+
; Parameter Settings for User Entity Instance: divider:divider1|comparator:\subtractor:12:midslice:comp_mid ;
+----------------+-------+----------------------------------------------------------------------------------+
; Parameter Name ; Value ; Type                                                                             ;
+----------------+-------+----------------------------------------------------------------------------------+
; data_width     ; 16    ; Signed Integer                                                                   ;
+----------------+-------+----------------------------------------------------------------------------------+
Note: In order to hide this table in the UI and the text report file, please set the "Show Parameter Settings in Synthesis Report" option in "Analysis and Synthesis Settings -> More Settings" to "Off".


+-----------------------------------------------------------------------------------------------------------+
; Parameter Settings for User Entity Instance: divider:divider1|comparator:\subtractor:13:midslice:comp_mid ;
+----------------+-------+----------------------------------------------------------------------------------+
; Parameter Name ; Value ; Type                                                                             ;
+----------------+-------+----------------------------------------------------------------------------------+
; data_width     ; 16    ; Signed Integer                                                                   ;
+----------------+-------+----------------------------------------------------------------------------------+
Note: In order to hide this table in the UI and the text report file, please set the "Show Parameter Settings in Synthesis Report" option in "Analysis and Synthesis Settings -> More Settings" to "Off".


+-----------------------------------------------------------------------------------------------------------+
; Parameter Settings for User Entity Instance: divider:divider1|comparator:\subtractor:14:midslice:comp_mid ;
+----------------+-------+----------------------------------------------------------------------------------+
; Parameter Name ; Value ; Type                                                                             ;
+----------------+-------+----------------------------------------------------------------------------------+
; data_width     ; 16    ; Signed Integer                                                                   ;
+----------------+-------+----------------------------------------------------------------------------------+
Note: In order to hide this table in the UI and the text report file, please set the "Show Parameter Settings in Synthesis Report" option in "Analysis and Synthesis Settings -> More Settings" to "Off".


+-----------------------------------------------------------------------------------------------------------+
; Parameter Settings for User Entity Instance: divider:divider1|comparator:\subtractor:15:midslice:comp_mid ;
+----------------+-------+----------------------------------------------------------------------------------+
; Parameter Name ; Value ; Type                                                                             ;
+----------------+-------+----------------------------------------------------------------------------------+
; data_width     ; 16    ; Signed Integer                                                                   ;
+----------------+-------+----------------------------------------------------------------------------------+
Note: In order to hide this table in the UI and the text report file, please set the "Show Parameter Settings in Synthesis Report" option in "Analysis and Synthesis Settings -> More Settings" to "Off".


+-----------------------------------------------------------------------------------------------------------+
; Parameter Settings for User Entity Instance: divider:divider1|comparator:\subtractor:16:midslice:comp_mid ;
+----------------+-------+----------------------------------------------------------------------------------+
; Parameter Name ; Value ; Type                                                                             ;
+----------------+-------+----------------------------------------------------------------------------------+
; data_width     ; 16    ; Signed Integer                                                                   ;
+----------------+-------+----------------------------------------------------------------------------------+
Note: In order to hide this table in the UI and the text report file, please set the "Show Parameter Settings in Synthesis Report" option in "Analysis and Synthesis Settings -> More Settings" to "Off".


+-----------------------------------------------------------------------------------------------------------+
; Parameter Settings for User Entity Instance: divider:divider1|comparator:\subtractor:17:midslice:comp_mid ;
+----------------+-------+----------------------------------------------------------------------------------+
; Parameter Name ; Value ; Type                                                                             ;
+----------------+-------+----------------------------------------------------------------------------------+
; data_width     ; 16    ; Signed Integer                                                                   ;
+----------------+-------+----------------------------------------------------------------------------------+
Note: In order to hide this table in the UI and the text report file, please set the "Show Parameter Settings in Synthesis Report" option in "Analysis and Synthesis Settings -> More Settings" to "Off".


+-----------------------------------------------------------------------------------------------------------+
; Parameter Settings for User Entity Instance: divider:divider1|comparator:\subtractor:18:midslice:comp_mid ;
+----------------+-------+----------------------------------------------------------------------------------+
; Parameter Name ; Value ; Type                                                                             ;
+----------------+-------+----------------------------------------------------------------------------------+
; data_width     ; 16    ; Signed Integer                                                                   ;
+----------------+-------+----------------------------------------------------------------------------------+
Note: In order to hide this table in the UI and the text report file, please set the "Show Parameter Settings in Synthesis Report" option in "Analysis and Synthesis Settings -> More Settings" to "Off".


+-----------------------------------------------------------------------------------------------------------+
; Parameter Settings for User Entity Instance: divider:divider1|comparator:\subtractor:19:midslice:comp_mid ;
+----------------+-------+----------------------------------------------------------------------------------+
; Parameter Name ; Value ; Type                                                                             ;
+----------------+-------+----------------------------------------------------------------------------------+
; data_width     ; 16    ; Signed Integer                                                                   ;
+----------------+-------+----------------------------------------------------------------------------------+
Note: In order to hide this table in the UI and the text report file, please set the "Show Parameter Settings in Synthesis Report" option in "Analysis and Synthesis Settings -> More Settings" to "Off".


+-----------------------------------------------------------------------------------------------------------+
; Parameter Settings for User Entity Instance: divider:divider1|comparator:\subtractor:20:midslice:comp_mid ;
+----------------+-------+----------------------------------------------------------------------------------+
; Parameter Name ; Value ; Type                                                                             ;
+----------------+-------+----------------------------------------------------------------------------------+
; data_width     ; 16    ; Signed Integer                                                                   ;
+----------------+-------+----------------------------------------------------------------------------------+
Note: In order to hide this table in the UI and the text report file, please set the "Show Parameter Settings in Synthesis Report" option in "Analysis and Synthesis Settings -> More Settings" to "Off".


+-----------------------------------------------------------------------------------------------------------+
; Parameter Settings for User Entity Instance: divider:divider1|comparator:\subtractor:21:midslice:comp_mid ;
+----------------+-------+----------------------------------------------------------------------------------+
; Parameter Name ; Value ; Type                                                                             ;
+----------------+-------+----------------------------------------------------------------------------------+
; data_width     ; 16    ; Signed Integer                                                                   ;
+----------------+-------+----------------------------------------------------------------------------------+
Note: In order to hide this table in the UI and the text report file, please set the "Show Parameter Settings in Synthesis Report" option in "Analysis and Synthesis Settings -> More Settings" to "Off".


+-----------------------------------------------------------------------------------------------------------+
; Parameter Settings for User Entity Instance: divider:divider1|comparator:\subtractor:22:midslice:comp_mid ;
+----------------+-------+----------------------------------------------------------------------------------+
; Parameter Name ; Value ; Type                                                                             ;
+----------------+-------+----------------------------------------------------------------------------------+
; data_width     ; 16    ; Signed Integer                                                                   ;
+----------------+-------+----------------------------------------------------------------------------------+
Note: In order to hide this table in the UI and the text report file, please set the "Show Parameter Settings in Synthesis Report" option in "Analysis and Synthesis Settings -> More Settings" to "Off".


+-----------------------------------------------------------------------------------------------------------+
; Parameter Settings for User Entity Instance: divider:divider1|comparator:\subtractor:23:midslice:comp_mid ;
+----------------+-------+----------------------------------------------------------------------------------+
; Parameter Name ; Value ; Type                                                                             ;
+----------------+-------+----------------------------------------------------------------------------------+
; data_width     ; 16    ; Signed Integer                                                                   ;
+----------------+-------+----------------------------------------------------------------------------------+
Note: In order to hide this table in the UI and the text report file, please set the "Show Parameter Settings in Synthesis Report" option in "Analysis and Synthesis Settings -> More Settings" to "Off".


+-----------------------------------------------------------------------------------------------------------+
; Parameter Settings for User Entity Instance: divider:divider1|comparator:\subtractor:24:midslice:comp_mid ;
+----------------+-------+----------------------------------------------------------------------------------+
; Parameter Name ; Value ; Type                                                                             ;
+----------------+-------+----------------------------------------------------------------------------------+
; data_width     ; 16    ; Signed Integer                                                                   ;
+----------------+-------+----------------------------------------------------------------------------------+
Note: In order to hide this table in the UI and the text report file, please set the "Show Parameter Settings in Synthesis Report" option in "Analysis and Synthesis Settings -> More Settings" to "Off".


+-----------------------------------------------------------------------------------------------------------+
; Parameter Settings for User Entity Instance: divider:divider1|comparator:\subtractor:25:midslice:comp_mid ;
+----------------+-------+----------------------------------------------------------------------------------+
; Parameter Name ; Value ; Type                                                                             ;
+----------------+-------+----------------------------------------------------------------------------------+
; data_width     ; 16    ; Signed Integer                                                                   ;
+----------------+-------+----------------------------------------------------------------------------------+
Note: In order to hide this table in the UI and the text report file, please set the "Show Parameter Settings in Synthesis Report" option in "Analysis and Synthesis Settings -> More Settings" to "Off".


+-----------------------------------------------------------------------------------------------------------+
; Parameter Settings for User Entity Instance: divider:divider1|comparator:\subtractor:26:midslice:comp_mid ;
+----------------+-------+----------------------------------------------------------------------------------+
; Parameter Name ; Value ; Type                                                                             ;
+----------------+-------+----------------------------------------------------------------------------------+
; data_width     ; 16    ; Signed Integer                                                                   ;
+----------------+-------+----------------------------------------------------------------------------------+
Note: In order to hide this table in the UI and the text report file, please set the "Show Parameter Settings in Synthesis Report" option in "Analysis and Synthesis Settings -> More Settings" to "Off".


+-----------------------------------------------------------------------------------------------------------+
; Parameter Settings for User Entity Instance: divider:divider1|comparator:\subtractor:27:midslice:comp_mid ;
+----------------+-------+----------------------------------------------------------------------------------+
; Parameter Name ; Value ; Type                                                                             ;
+----------------+-------+----------------------------------------------------------------------------------+
; data_width     ; 16    ; Signed Integer                                                                   ;
+----------------+-------+----------------------------------------------------------------------------------+
Note: In order to hide this table in the UI and the text report file, please set the "Show Parameter Settings in Synthesis Report" option in "Analysis and Synthesis Settings -> More Settings" to "Off".


+-----------------------------------------------------------------------------------------------------------+
; Parameter Settings for User Entity Instance: divider:divider1|comparator:\subtractor:28:midslice:comp_mid ;
+----------------+-------+----------------------------------------------------------------------------------+
; Parameter Name ; Value ; Type                                                                             ;
+----------------+-------+----------------------------------------------------------------------------------+
; data_width     ; 16    ; Signed Integer                                                                   ;
+----------------+-------+----------------------------------------------------------------------------------+
Note: In order to hide this table in the UI and the text report file, please set the "Show Parameter Settings in Synthesis Report" option in "Analysis and Synthesis Settings -> More Settings" to "Off".


+-----------------------------------------------------------------------------------------------------------+
; Parameter Settings for User Entity Instance: divider:divider1|comparator:\subtractor:29:midslice:comp_mid ;
+----------------+-------+----------------------------------------------------------------------------------+
; Parameter Name ; Value ; Type                                                                             ;
+----------------+-------+----------------------------------------------------------------------------------+
; data_width     ; 16    ; Signed Integer                                                                   ;
+----------------+-------+----------------------------------------------------------------------------------+
Note: In order to hide this table in the UI and the text report file, please set the "Show Parameter Settings in Synthesis Report" option in "Analysis and Synthesis Settings -> More Settings" to "Off".


+-----------------------------------------------------------------------------------------------------------+
; Parameter Settings for User Entity Instance: divider:divider1|comparator:\subtractor:30:midslice:comp_mid ;
+----------------+-------+----------------------------------------------------------------------------------+
; Parameter Name ; Value ; Type                                                                             ;
+----------------+-------+----------------------------------------------------------------------------------+
; data_width     ; 16    ; Signed Integer                                                                   ;
+----------------+-------+----------------------------------------------------------------------------------+
Note: In order to hide this table in the UI and the text report file, please set the "Show Parameter Settings in Synthesis Report" option in "Analysis and Synthesis Settings -> More Settings" to "Off".


+-------------------------------------------------------------------------------------------------------------+
; Parameter Settings for User Entity Instance: divider:divider1|comparator:\subtractor:31:lastslice:comp_last ;
+----------------+-------+------------------------------------------------------------------------------------+
; Parameter Name ; Value ; Type                                                                               ;
+----------------+-------+------------------------------------------------------------------------------------+
; data_width     ; 16    ; Signed Integer                                                                     ;
+----------------+-------+------------------------------------------------------------------------------------+
Note: In order to hide this table in the UI and the text report file, please set the "Show Parameter Settings in Synthesis Report" option in "Analysis and Synthesis Settings -> More Settings" to "Off".


+-------------------------------------------------+
; Port Connectivity Checks: "leddcd:ovr"          ;
+---------------+-------+----------+--------------+
; Port          ; Type  ; Severity ; Details      ;
+---------------+-------+----------+--------------+
; data_in[3..1] ; Input ; Info     ; Stuck at GND ;
+---------------+-------+----------+--------------+


+---------------------------------------------------------------------------------------------+
; Port Connectivity Checks: "divider:divider1|comparator:\subtractor:0:firstslice:comp_first" ;
+-------------+-------+----------+------------------------------------------------------------+
; Port        ; Type  ; Severity ; Details                                                    ;
+-------------+-------+----------+------------------------------------------------------------+
; dinl[16..1] ; Input ; Info     ; Stuck at GND                                               ;
+-------------+-------+----------+------------------------------------------------------------+


+---------------------------------------------------------------------------------------------------------------------------------------+
; Port Connectivity Checks: "divider:divider1"                                                                                          ;
+--------+--------+----------+----------------------------------------------------------------------------------------------------------+
; Port   ; Type   ; Severity ; Details                                                                                                  ;
+--------+--------+----------+----------------------------------------------------------------------------------------------------------+
; done   ; Output ; Info     ; Connected to dangling logic. Logic that only feeds a dangling port will be removed.                      ;
; cycles ; Output ; Warning  ; Declared by entity but not connected by instance. Logic that only feeds a dangling port will be removed. ;
+--------+--------+----------+----------------------------------------------------------------------------------------------------------+


+-----------------------------------------------------+
; Post-Synthesis Netlist Statistics for Top Partition ;
+-----------------------+-----------------------------+
; Type                  ; Count                       ;
+-----------------------+-----------------------------+
; boundary_port         ; 157                         ;
; cycloneiii_ff         ; 49                          ;
;     SLD               ; 16                          ;
;     plain             ; 33                          ;
; cycloneiii_lcell_comb ; 1640                        ;
;     arith             ; 945                         ;
;         2 data inputs ; 14                          ;
;         3 data inputs ; 931                         ;
;     normal            ; 695                         ;
;         0 data inputs ; 2                           ;
;         1 data inputs ; 28                          ;
;         2 data inputs ; 76                          ;
;         3 data inputs ; 215                         ;
;         4 data inputs ; 374                         ;
;                       ;                             ;
; Max LUT depth         ; 123.40                      ;
; Average LUT depth     ; 109.58                      ;
+-----------------------+-----------------------------+


+-------------------------------+
; Elapsed Time Per Partition    ;
+----------------+--------------+
; Partition Name ; Elapsed Time ;
+----------------+--------------+
; Top            ; 00:00:01     ;
+----------------+--------------+


+-------------------------------+
; Analysis & Synthesis Messages ;
+-------------------------------+
Info: *******************************************************************
Info: Running Quartus Prime Analysis & Synthesis
    Info: Version 22.1std.0 Build 915 10/25/2022 SC Lite Edition
    Info: Processing started: Mon Nov  6 20:59:17 2023
Info: Command: quartus_map --read_settings_files=on --write_settings_files=off display_divider -c display_divider
Warning (18236): Number of processors has not been specified which may cause overloading on shared machines.  Set the global assignment NUM_PARALLEL_PROCESSORS in your QSF to an appropriate value for best performance.
Info (20030): Parallel compilation is enabled and will use 10 of the 10 processors detected
Info (12021): Found 2 design units, including 0 entities, in source file /users/laptop/documents/lab2/divider_const.vhd
    Info (12022): Found design unit 1: divider_const File: C:/Users/laptop/Documents/lab2/divider_const.vhd Line: 6
    Info (12022): Found design unit 2: divider_const-body File: C:/Users/laptop/Documents/lab2/divider_const.vhd Line: 13
Info (12021): Found 2 design units, including 1 entities, in source file divider_tb.vhd
    Info (12022): Found design unit 1: testbench1-behavioral File: C:/Users/laptop/Documents/lab4/divider_tb.vhd Line: 13
    Info (12023): Found entity 1: testbench1 File: C:/Users/laptop/Documents/lab4/divider_tb.vhd Line: 10
Info (12021): Found 4 design units, including 1 entities, in source file divider.vhd
    Info (12022): Found design unit 1: divider-fsm_behavior File: C:/Users/laptop/Documents/lab4/divider.vhd Line: 25
    Info (12022): Found design unit 2: divider-behavioral_sequential File: C:/Users/laptop/Documents/lab4/divider.vhd Line: 239
    Info (12022): Found design unit 3: divider-structural_combinational File: C:/Users/laptop/Documents/lab4/divider.vhd Line: 327
    Info (12023): Found entity 1: divider File: C:/Users/laptop/Documents/lab4/divider.vhd Line: 8
Info (12021): Found 2 design units, including 1 entities, in source file comparator_tb.vhd
    Info (12022): Found design unit 1: testbench-behavioral File: C:/Users/laptop/Documents/lab4/comparator_tb.vhd Line: 10
    Info (12023): Found entity 1: testbench File: C:/Users/laptop/Documents/lab4/comparator_tb.vhd Line: 7
Info (12021): Found 2 design units, including 1 entities, in source file comparator.vhd
    Info (12022): Found design unit 1: comparator-behavioral File: C:/Users/laptop/Documents/lab4/comparator.vhd Line: 19
    Info (12023): Found entity 1: comparator File: C:/Users/laptop/Documents/lab4/comparator.vhd Line: 6
Info (12021): Found 2 design units, including 1 entities, in source file display_divider.vhd
    Info (12022): Found design unit 1: display_divider-structural File: C:/Users/laptop/Documents/lab4/display_divider.vhd Line: 26
    Info (12023): Found entity 1: display_divider File: C:/Users/laptop/Documents/lab4/display_divider.vhd Line: 8
Info (12021): Found 2 design units, including 1 entities, in source file /users/laptop/documents/leddcd.vhd
    Info (12022): Found design unit 1: leddcd-data_flow File: C:/Users/laptop/Documents/leddcd.vhd Line: 12
    Info (12023): Found entity 1: leddcd File: C:/Users/laptop/Documents/leddcd.vhd Line: 4
Info (12021): Found 2 design units, including 0 entities, in source file /users/laptop/documents/decoder.vhd
    Info (12022): Found design unit 1: decoder File: C:/Users/laptop/Documents/decoder.vhd Line: 5
    Info (12022): Found design unit 2: decoder-body File: C:/Users/laptop/Documents/decoder.vhd Line: 21
Info (12127): Elaborating entity "display_divider" for the top level hierarchy
Warning (10541): VHDL Signal Declaration warning at display_divider.vhd(20): used implicit default value for signal "done1" because signal was never assigned a value or an explicit default value. Use of implicit default value may introduce unintended design optimizations. File: C:/Users/laptop/Documents/lab4/display_divider.vhd Line: 20
Warning (10036): Verilog HDL or VHDL warning at display_divider.vhd(58): object "done_hl" assigned a value but never read File: C:/Users/laptop/Documents/lab4/display_divider.vhd Line: 58
Info (12128): Elaborating entity "divider" for hierarchy "divider:divider1" File: C:/Users/laptop/Documents/lab4/display_divider.vhd Line: 62
Warning (10873): Using initial value X (don't care) for net "cycles" at divider.vhd(21) File: C:/Users/laptop/Documents/lab4/divider.vhd Line: 21
Warning (10873): Using initial value X (don't care) for net "done" at divider.vhd(20) File: C:/Users/laptop/Documents/lab4/divider.vhd Line: 20
Info (12128): Elaborating entity "comparator" for hierarchy "divider:divider1|comparator:\subtractor:0:firstslice:comp_first" File: C:/Users/laptop/Documents/lab4/divider.vhd Line: 365
Info (12128): Elaborating entity "leddcd" for hierarchy "leddcd:\quot:0:quot_dcd" File: C:/Users/laptop/Documents/lab4/display_divider.vhd Line: 88
Warning (12241): 1 hierarchies have connectivity warnings - see the Connectivity Checks report folder
Warning (13024): Output pins are stuck at VCC or GND
    Warning (13410): Pin "overflow1[1]" is stuck at GND File: C:/Users/laptop/Documents/lab4/display_divider.vhd Line: 19
    Warning (13410): Pin "overflow1[2]" is stuck at GND File: C:/Users/laptop/Documents/lab4/display_divider.vhd Line: 19
    Warning (13410): Pin "overflow1[6]" is stuck at VCC File: C:/Users/laptop/Documents/lab4/display_divider.vhd Line: 19
    Warning (13410): Pin "done1" is stuck at GND File: C:/Users/laptop/Documents/lab4/display_divider.vhd Line: 20
    Warning (13410): Pin "quot_sign[0]" is stuck at VCC File: C:/Users/laptop/Documents/lab4/display_divider.vhd Line: 21
    Warning (13410): Pin "quot_sign[1]" is stuck at VCC File: C:/Users/laptop/Documents/lab4/display_divider.vhd Line: 21
    Warning (13410): Pin "quot_sign[2]" is stuck at VCC File: C:/Users/laptop/Documents/lab4/display_divider.vhd Line: 21
    Warning (13410): Pin "quot_sign[3]" is stuck at VCC File: C:/Users/laptop/Documents/lab4/display_divider.vhd Line: 21
    Warning (13410): Pin "quot_sign[4]" is stuck at VCC File: C:/Users/laptop/Documents/lab4/display_divider.vhd Line: 21
    Warning (13410): Pin "quot_sign[5]" is stuck at VCC File: C:/Users/laptop/Documents/lab4/display_divider.vhd Line: 21
    Warning (13410): Pin "rem_sign[0]" is stuck at VCC File: C:/Users/laptop/Documents/lab4/display_divider.vhd Line: 22
    Warning (13410): Pin "rem_sign[1]" is stuck at VCC File: C:/Users/laptop/Documents/lab4/display_divider.vhd Line: 22
    Warning (13410): Pin "rem_sign[2]" is stuck at VCC File: C:/Users/laptop/Documents/lab4/display_divider.vhd Line: 22
    Warning (13410): Pin "rem_sign[3]" is stuck at VCC File: C:/Users/laptop/Documents/lab4/display_divider.vhd Line: 22
    Warning (13410): Pin "rem_sign[4]" is stuck at VCC File: C:/Users/laptop/Documents/lab4/display_divider.vhd Line: 22
    Warning (13410): Pin "rem_sign[5]" is stuck at VCC File: C:/Users/laptop/Documents/lab4/display_divider.vhd Line: 22
Info (286030): Timing-Driven Synthesis is running
Info (16010): Generating hard_block partition "hard_block:auto_generated_inst"
    Info (16011): Adding 0 node(s), including 0 DDIO, 0 PLL, 0 transceiver and 0 LCELL
Warning (21074): Design contains 2 input pin(s) that do not drive logic
    Warning (15610): No output dependent on input pin "reset1" File: C:/Users/laptop/Documents/lab4/display_divider.vhd Line: 11
    Warning (15610): No output dependent on input pin "clk1" File: C:/Users/laptop/Documents/lab4/display_divider.vhd Line: 12
Info (21057): Implemented 1787 device resources after synthesis - the final resource count might be different
    Info (21058): Implemented 51 input pins
    Info (21059): Implemented 106 output pins
    Info (21061): Implemented 1630 logic cells
Info: Quartus Prime Analysis & Synthesis was successful. 0 errors, 26 warnings
    Info: Peak virtual memory: 4842 megabytes
    Info: Processing ended: Mon Nov  6 20:59:25 2023
    Info: Elapsed time: 00:00:08
    Info: Total CPU time (on all processors): 00:00:16


